2025-04-06T19:31:48.863+02:00  INFO 15852 --- [HrSystem] [main] c.example.hrsystem.HrSystemApplication   : Starting HrSystemApplication using Java 20.0.1 with PID 15852 (C:\Users\Ziko\Desktop\hr-management-system11\target\classes started by Ziko in C:\Users\Ziko\Desktop\hr-management-system11)
2025-04-06T19:31:48.879+02:00  INFO 15852 --- [HrSystem] [main] c.example.hrsystem.HrSystemApplication   : No active profile set, falling back to 1 default profile: "default"
2025-04-06T19:31:51.000+02:00  INFO 15852 --- [HrSystem] [main] o.s.b.w.embedded.tomcat.TomcatWebServer  : Tomcat initialized with port 8080 (http)
2025-04-06T19:31:51.037+02:00  INFO 15852 --- [HrSystem] [main] o.apache.catalina.core.StandardService   : Starting service [Tomcat]
2025-04-06T19:31:51.040+02:00  INFO 15852 --- [HrSystem] [main] o.apache.catalina.core.StandardEngine    : Starting Servlet engine: [Apache Tomcat/10.1.39]
2025-04-06T19:31:51.275+02:00  INFO 15852 --- [HrSystem] [main] o.a.c.c.C.[Tomcat].[localhost].[/]       : Initializing Spring embedded WebApplicationContext
2025-04-06T19:31:51.276+02:00  INFO 15852 --- [HrSystem] [main] w.s.c.ServletWebServerApplicationContext : Root WebApplicationContext: initialization completed in 2303 ms
2025-04-06T19:31:51.381+02:00  WARN 15852 --- [HrSystem] [main] ConfigServletWebServerApplicationContext : Exception encountered during context initialization - cancelling refresh attempt: org.springframework.beans.factory.BeanCreationException: Error creating bean with name 'firebaseConfig' defined in file [C:\Users\Ziko\Desktop\hr-management-system11\target\classes\com\example\hrsystem\config\FirebaseConfig.class]: Failed to instantiate [com.example.hrsystem.config.FirebaseConfig$$SpringCGLIB$$0]: Constructor threw exception
2025-04-06T19:31:51.387+02:00  INFO 15852 --- [HrSystem] [main] o.apache.catalina.core.StandardService   : Stopping service [Tomcat]
2025-04-06T19:31:51.416+02:00  INFO 15852 --- [HrSystem] [main] .s.b.a.l.ConditionEvaluationReportLogger : 

Error starting ApplicationContext. To display the condition evaluation report re-run your application with 'debug' enabled.
2025-04-06T19:31:51.452+02:00 ERROR 15852 --- [HrSystem] [main] o.s.boot.SpringApplication               : Application run failed

org.springframework.beans.factory.BeanCreationException: Error creating bean with name 'firebaseConfig' defined in file [C:\Users\Ziko\Desktop\hr-management-system11\target\classes\com\example\hrsystem\config\FirebaseConfig.class]: Failed to instantiate [com.example.hrsystem.config.FirebaseConfig$$SpringCGLIB$$0]: Constructor threw exception
	at org.springframework.beans.factory.support.AbstractAutowireCapableBeanFactory.instantiateBean(AbstractAutowireCapableBeanFactory.java:1343) ~[spring-beans-6.2.5.jar:6.2.5]
	at org.springframework.beans.factory.support.AbstractAutowireCapableBeanFactory.createBeanInstance(AbstractAutowireCapableBeanFactory.java:1228) ~[spring-beans-6.2.5.jar:6.2.5]
	at org.springframework.beans.factory.support.AbstractAutowireCapableBeanFactory.doCreateBean(AbstractAutowireCapableBeanFactory.java:563) ~[spring-beans-6.2.5.jar:6.2.5]
	at org.springframework.beans.factory.support.AbstractAutowireCapableBeanFactory.createBean(AbstractAutowireCapableBeanFactory.java:523) ~[spring-beans-6.2.5.jar:6.2.5]
	at org.springframework.beans.factory.support.AbstractBeanFactory.lambda$doGetBean$0(AbstractBeanFactory.java:339) ~[spring-beans-6.2.5.jar:6.2.5]
	at org.springframework.beans.factory.support.DefaultSingletonBeanRegistry.getSingleton(DefaultSingletonBeanRegistry.java:347) ~[spring-beans-6.2.5.jar:6.2.5]
	at org.springframework.beans.factory.support.AbstractBeanFactory.doGetBean(AbstractBeanFactory.java:337) ~[spring-beans-6.2.5.jar:6.2.5]
	at org.springframework.beans.factory.support.AbstractBeanFactory.getBean(AbstractBeanFactory.java:202) ~[spring-beans-6.2.5.jar:6.2.5]
	at org.springframework.beans.factory.support.DefaultListableBeanFactory.instantiateSingleton(DefaultListableBeanFactory.java:1155) ~[spring-beans-6.2.5.jar:6.2.5]
	at org.springframework.beans.factory.support.DefaultListableBeanFactory.preInstantiateSingleton(DefaultListableBeanFactory.java:1121) ~[spring-beans-6.2.5.jar:6.2.5]
	at org.springframework.beans.factory.support.DefaultListableBeanFactory.preInstantiateSingletons(DefaultListableBeanFactory.java:1056) ~[spring-beans-6.2.5.jar:6.2.5]
	at org.springframework.context.support.AbstractApplicationContext.finishBeanFactoryInitialization(AbstractApplicationContext.java:987) ~[spring-context-6.2.5.jar:6.2.5]
	at org.springframework.context.support.AbstractApplicationContext.refresh(AbstractApplicationContext.java:627) ~[spring-context-6.2.5.jar:6.2.5]
	at org.springframework.boot.web.servlet.context.ServletWebServerApplicationContext.refresh(ServletWebServerApplicationContext.java:146) ~[spring-boot-3.4.4.jar:3.4.4]
	at org.springframework.boot.SpringApplication.refresh(SpringApplication.java:752) ~[spring-boot-3.4.4.jar:3.4.4]
	at org.springframework.boot.SpringApplication.refreshContext(SpringApplication.java:439) ~[spring-boot-3.4.4.jar:3.4.4]
	at org.springframework.boot.SpringApplication.run(SpringApplication.java:318) ~[spring-boot-3.4.4.jar:3.4.4]
	at org.springframework.boot.SpringApplication.run(SpringApplication.java:1361) ~[spring-boot-3.4.4.jar:3.4.4]
	at org.springframework.boot.SpringApplication.run(SpringApplication.java:1350) ~[spring-boot-3.4.4.jar:3.4.4]
	at com.example.hrsystem.HrSystemApplication.main(HrSystemApplication.java:37) ~[classes/:na]
Caused by: org.springframework.beans.BeanInstantiationException: Failed to instantiate [com.example.hrsystem.config.FirebaseConfig$$SpringCGLIB$$0]: Constructor threw exception
	at org.springframework.beans.BeanUtils.instantiateClass(BeanUtils.java:222) ~[spring-beans-6.2.5.jar:6.2.5]
	at org.springframework.beans.factory.support.SimpleInstantiationStrategy.instantiate(SimpleInstantiationStrategy.java:122) ~[spring-beans-6.2.5.jar:6.2.5]
	at org.springframework.beans.factory.support.AbstractAutowireCapableBeanFactory.instantiateBean(AbstractAutowireCapableBeanFactory.java:1337) ~[spring-beans-6.2.5.jar:6.2.5]
	... 19 common frames omitted
Caused by: java.io.FileNotFoundException: hrcloudx-3c6ee-firebase-adminsdk-fbsvc-1b184bb085.json (The system cannot find the file specified)
	at java.base/java.io.FileInputStream.open0(Native Method) ~[na:na]
	at java.base/java.io.FileInputStream.open(FileInputStream.java:219) ~[na:na]
	at java.base/java.io.FileInputStream.<init>(FileInputStream.java:158) ~[na:na]
	at java.base/java.io.FileInputStream.<init>(FileInputStream.java:112) ~[na:na]
	at com.example.hrsystem.config.FirebaseConfig.<init>(FirebaseConfig.java:15) ~[classes/:na]
	at com.example.hrsystem.config.FirebaseConfig$$SpringCGLIB$$0.<init>(<generated>) ~[classes/:na]
	at java.base/jdk.internal.reflect.DirectConstructorHandleAccessor.newInstance(DirectConstructorHandleAccessor.java:67) ~[na:na]
	at java.base/java.lang.reflect.Constructor.newInstanceWithCaller(Constructor.java:500) ~[na:na]
	at java.base/java.lang.reflect.Constructor.newInstance(Constructor.java:484) ~[na:na]
	at org.springframework.beans.BeanUtils.instantiateClass(BeanUtils.java:196) ~[spring-beans-6.2.5.jar:6.2.5]
	... 21 common frames omitted

2025-04-06T19:34:13.442+02:00  INFO 26048 --- [HrSystem] [main] c.example.hrsystem.HrSystemApplication   : Starting HrSystemApplication using Java 20.0.1 with PID 26048 (C:\Users\Ziko\Desktop\hr-management-system11\target\classes started by Ziko in C:\Users\Ziko\Desktop\hr-management-system11)
2025-04-06T19:34:13.444+02:00  INFO 26048 --- [HrSystem] [main] c.example.hrsystem.HrSystemApplication   : No active profile set, falling back to 1 default profile: "default"
2025-04-06T19:34:14.281+02:00  INFO 26048 --- [HrSystem] [main] o.s.b.w.embedded.tomcat.TomcatWebServer  : Tomcat initialized with port 8080 (http)
2025-04-06T19:34:14.294+02:00  INFO 26048 --- [HrSystem] [main] o.apache.catalina.core.StandardService   : Starting service [Tomcat]
2025-04-06T19:34:14.294+02:00  INFO 26048 --- [HrSystem] [main] o.apache.catalina.core.StandardEngine    : Starting Servlet engine: [Apache Tomcat/10.1.39]
2025-04-06T19:34:14.354+02:00  INFO 26048 --- [HrSystem] [main] o.a.c.c.C.[Tomcat].[localhost].[/]       : Initializing Spring embedded WebApplicationContext
2025-04-06T19:34:14.355+02:00  INFO 26048 --- [HrSystem] [main] w.s.c.ServletWebServerApplicationContext : Root WebApplicationContext: initialization completed in 874 ms
2025-04-06T19:34:15.304+02:00 DEBUG 26048 --- [HrSystem] [main] s.w.s.m.m.a.RequestMappingHandlerMapping : 4 mappings in 'requestMappingHandlerMapping'
2025-04-06T19:34:15.361+02:00 DEBUG 26048 --- [HrSystem] [main] o.s.w.s.handler.SimpleUrlHandlerMapping  : Patterns [/webjars/**, /**] in 'resourceHandlerMapping'
2025-04-06T19:34:15.456+02:00 DEBUG 26048 --- [HrSystem] [main] s.w.s.m.m.a.RequestMappingHandlerAdapter : ControllerAdvice beans: 0 @ModelAttribute, 0 @InitBinder, 1 RequestBodyAdvice, 1 ResponseBodyAdvice
2025-04-06T19:34:15.487+02:00 DEBUG 26048 --- [HrSystem] [main] .m.m.a.ExceptionHandlerExceptionResolver : ControllerAdvice beans: 0 @ExceptionHandler, 1 ResponseBodyAdvice
2025-04-06T19:34:15.570+02:00  INFO 26048 --- [HrSystem] [main] o.s.b.w.embedded.tomcat.TomcatWebServer  : Tomcat started on port 8080 (http) with context path '/'
2025-04-06T19:34:15.577+02:00  INFO 26048 --- [HrSystem] [main] c.example.hrsystem.HrSystemApplication   : Started HrSystemApplication in 2.548 seconds (process running for 2.88)
2025-04-06T19:34:31.962+02:00  INFO 26048 --- [HrSystem] [http-nio-8080-exec-1] o.a.c.c.C.[Tomcat].[localhost].[/]       : Initializing Spring DispatcherServlet 'dispatcherServlet'
2025-04-06T19:34:31.963+02:00  INFO 26048 --- [HrSystem] [http-nio-8080-exec-1] o.s.web.servlet.DispatcherServlet        : Initializing Servlet 'dispatcherServlet'
2025-04-06T19:34:31.963+02:00 DEBUG 26048 --- [HrSystem] [http-nio-8080-exec-1] o.s.web.servlet.DispatcherServlet        : Detected StandardServletMultipartResolver
2025-04-06T19:34:31.963+02:00 DEBUG 26048 --- [HrSystem] [http-nio-8080-exec-1] o.s.web.servlet.DispatcherServlet        : Detected AcceptHeaderLocaleResolver
2025-04-06T19:34:31.963+02:00 DEBUG 26048 --- [HrSystem] [http-nio-8080-exec-1] o.s.web.servlet.DispatcherServlet        : Detected FixedThemeResolver
2025-04-06T19:34:31.964+02:00 DEBUG 26048 --- [HrSystem] [http-nio-8080-exec-1] o.s.web.servlet.DispatcherServlet        : Detected org.springframework.web.servlet.view.DefaultRequestToViewNameTranslator@270bde14
2025-04-06T19:34:31.964+02:00 DEBUG 26048 --- [HrSystem] [http-nio-8080-exec-1] o.s.web.servlet.DispatcherServlet        : Detected org.springframework.web.servlet.support.SessionFlashMapManager@56894c6c
2025-04-06T19:34:31.964+02:00 DEBUG 26048 --- [HrSystem] [http-nio-8080-exec-1] o.s.web.servlet.DispatcherServlet        : enableLoggingRequestDetails='false': request parameters and headers will be masked to prevent unsafe logging of potentially sensitive data
2025-04-06T19:34:31.965+02:00  INFO 26048 --- [HrSystem] [http-nio-8080-exec-1] o.s.web.servlet.DispatcherServlet        : Completed initialization in 1 ms
2025-04-06T19:34:31.976+02:00 DEBUG 26048 --- [HrSystem] [http-nio-8080-exec-1] o.s.web.servlet.DispatcherServlet        : GET "/api/employees", parameters={}
2025-04-06T19:34:31.989+02:00 DEBUG 26048 --- [HrSystem] [http-nio-8080-exec-1] s.w.s.m.m.a.RequestMappingHandlerMapping : Mapped to com.example.hrsystem.controller.EmployeeController#getAllEmployees()
2025-04-06T19:34:33.582+02:00 DEBUG 26048 --- [HrSystem] [http-nio-8080-exec-2] o.s.web.servlet.DispatcherServlet        : GET "/api/employees", parameters={}
2025-04-06T19:34:33.583+02:00 DEBUG 26048 --- [HrSystem] [http-nio-8080-exec-2] s.w.s.m.m.a.RequestMappingHandlerMapping : Mapped to com.example.hrsystem.controller.EmployeeController#getAllEmployees()
2025-04-06T19:34:34.178+02:00  WARN 26048 --- [HrSystem] [http-nio-8080-exec-2] c.g.c.firestore.encoding.PojoBeanMapper  : No setter/field for Joined Date found on class com.example.hrsystem.model.Employee
2025-04-06T19:34:34.178+02:00  WARN 26048 --- [HrSystem] [http-nio-8080-exec-1] c.g.c.firestore.encoding.PojoBeanMapper  : No setter/field for Joined Date found on class com.example.hrsystem.model.Employee
2025-04-06T19:34:34.179+02:00  WARN 26048 --- [HrSystem] [http-nio-8080-exec-2] c.g.c.firestore.encoding.PojoBeanMapper  : No setter/field for employee_ID found on class com.example.hrsystem.model.Employee
2025-04-06T19:34:34.179+02:00  WARN 26048 --- [HrSystem] [http-nio-8080-exec-1] c.g.c.firestore.encoding.PojoBeanMapper  : No setter/field for employee_ID found on class com.example.hrsystem.model.Employee
2025-04-06T19:34:34.179+02:00  WARN 26048 --- [HrSystem] [http-nio-8080-exec-2] c.g.c.firestore.encoding.PojoBeanMapper  : No setter/field for Birth Date found on class com.example.hrsystem.model.Employee
2025-04-06T19:34:34.179+02:00  WARN 26048 --- [HrSystem] [http-nio-8080-exec-1] c.g.c.firestore.encoding.PojoBeanMapper  : No setter/field for Birth Date found on class com.example.hrsystem.model.Employee
2025-04-06T19:34:34.179+02:00  WARN 26048 --- [HrSystem] [http-nio-8080-exec-2] c.g.c.firestore.encoding.PojoBeanMapper  : No setter/field for Phone Number found on class com.example.hrsystem.model.Employee
2025-04-06T19:34:34.179+02:00  WARN 26048 --- [HrSystem] [http-nio-8080-exec-1] c.g.c.firestore.encoding.PojoBeanMapper  : No setter/field for Phone Number found on class com.example.hrsystem.model.Employee
2025-04-06T19:34:34.191+02:00 DEBUG 26048 --- [HrSystem] [http-nio-8080-exec-1] m.m.a.RequestResponseBodyMethodProcessor : Using 'application/json', given [application/json, text/plain, */*] and supported [application/json, application/*+json]
2025-04-06T19:34:34.191+02:00 DEBUG 26048 --- [HrSystem] [http-nio-8080-exec-2] m.m.a.RequestResponseBodyMethodProcessor : Using 'application/json', given [application/json, text/plain, */*] and supported [application/json, application/*+json]
2025-04-06T19:34:34.192+02:00 DEBUG 26048 --- [HrSystem] [http-nio-8080-exec-1] m.m.a.RequestResponseBodyMethodProcessor : Writing [[com.example.hrsystem.model.Employee@a9f88d3]]
2025-04-06T19:34:34.192+02:00 DEBUG 26048 --- [HrSystem] [http-nio-8080-exec-2] m.m.a.RequestResponseBodyMethodProcessor : Writing [[com.example.hrsystem.model.Employee@2ed44509]]
2025-04-06T19:34:34.235+02:00 DEBUG 26048 --- [HrSystem] [http-nio-8080-exec-2] o.s.web.servlet.DispatcherServlet        : Completed 200 OK
2025-04-06T19:34:34.235+02:00 DEBUG 26048 --- [HrSystem] [http-nio-8080-exec-1] o.s.web.servlet.DispatcherServlet        : Completed 200 OK
2025-04-06T19:34:34.235+02:00 DEBUG 26048 --- [HrSystem] [http-nio-8080-exec-3] o.s.web.servlet.DispatcherServlet        : GET "/api/employees", parameters={}
2025-04-06T19:34:34.235+02:00 DEBUG 26048 --- [HrSystem] [http-nio-8080-exec-3] s.w.s.m.m.a.RequestMappingHandlerMapping : Mapped to com.example.hrsystem.controller.EmployeeController#getAllEmployees()
2025-04-06T19:34:34.783+02:00  WARN 26048 --- [HrSystem] [http-nio-8080-exec-3] c.g.c.firestore.encoding.PojoBeanMapper  : No setter/field for Joined Date found on class com.example.hrsystem.model.Employee
2025-04-06T19:34:34.783+02:00  WARN 26048 --- [HrSystem] [http-nio-8080-exec-3] c.g.c.firestore.encoding.PojoBeanMapper  : No setter/field for employee_ID found on class com.example.hrsystem.model.Employee
2025-04-06T19:34:34.783+02:00  WARN 26048 --- [HrSystem] [http-nio-8080-exec-3] c.g.c.firestore.encoding.PojoBeanMapper  : No setter/field for Birth Date found on class com.example.hrsystem.model.Employee
2025-04-06T19:34:34.783+02:00  WARN 26048 --- [HrSystem] [http-nio-8080-exec-3] c.g.c.firestore.encoding.PojoBeanMapper  : No setter/field for Phone Number found on class com.example.hrsystem.model.Employee
2025-04-06T19:34:34.785+02:00 DEBUG 26048 --- [HrSystem] [http-nio-8080-exec-3] m.m.a.RequestResponseBodyMethodProcessor : Using 'application/json', given [application/json, text/plain, */*] and supported [application/json, application/*+json]
2025-04-06T19:34:34.785+02:00 DEBUG 26048 --- [HrSystem] [http-nio-8080-exec-3] m.m.a.RequestResponseBodyMethodProcessor : Writing [[com.example.hrsystem.model.Employee@38ebeca1]]
2025-04-06T19:34:34.785+02:00 DEBUG 26048 --- [HrSystem] [http-nio-8080-exec-3] o.s.web.servlet.DispatcherServlet        : Completed 200 OK
2025-04-06T19:35:55.558+02:00 DEBUG 26048 --- [HrSystem] [http-nio-8080-exec-6] o.s.web.servlet.DispatcherServlet        : GET "/api/employees", parameters={}
2025-04-06T19:35:55.559+02:00 DEBUG 26048 --- [HrSystem] [http-nio-8080-exec-6] s.w.s.m.m.a.RequestMappingHandlerMapping : Mapped to com.example.hrsystem.controller.EmployeeController#getAllEmployees()
2025-04-06T19:35:55.710+02:00  WARN 26048 --- [HrSystem] [http-nio-8080-exec-6] c.g.c.firestore.encoding.PojoBeanMapper  : No setter/field for Joined Date found on class com.example.hrsystem.model.Employee
2025-04-06T19:35:55.710+02:00  WARN 26048 --- [HrSystem] [http-nio-8080-exec-6] c.g.c.firestore.encoding.PojoBeanMapper  : No setter/field for employee_ID found on class com.example.hrsystem.model.Employee
2025-04-06T19:35:55.710+02:00  WARN 26048 --- [HrSystem] [http-nio-8080-exec-6] c.g.c.firestore.encoding.PojoBeanMapper  : No setter/field for Birth Date found on class com.example.hrsystem.model.Employee
2025-04-06T19:35:55.710+02:00  WARN 26048 --- [HrSystem] [http-nio-8080-exec-6] c.g.c.firestore.encoding.PojoBeanMapper  : No setter/field for Phone Number found on class com.example.hrsystem.model.Employee
2025-04-06T19:35:55.711+02:00 DEBUG 26048 --- [HrSystem] [http-nio-8080-exec-6] m.m.a.RequestResponseBodyMethodProcessor : Using 'application/json', given [application/json, text/plain, */*] and supported [application/json, application/*+json]
2025-04-06T19:35:55.711+02:00 DEBUG 26048 --- [HrSystem] [http-nio-8080-exec-6] m.m.a.RequestResponseBodyMethodProcessor : Writing [[com.example.hrsystem.model.Employee@6bfe8d5f]]
2025-04-06T19:35:55.713+02:00 DEBUG 26048 --- [HrSystem] [http-nio-8080-exec-6] o.s.web.servlet.DispatcherServlet        : Completed 200 OK
2025-04-06T19:35:55.716+02:00 DEBUG 26048 --- [HrSystem] [http-nio-8080-exec-7] o.s.web.servlet.DispatcherServlet        : GET "/api/employees", parameters={}
2025-04-06T19:35:55.716+02:00 DEBUG 26048 --- [HrSystem] [http-nio-8080-exec-7] s.w.s.m.m.a.RequestMappingHandlerMapping : Mapped to com.example.hrsystem.controller.EmployeeController#getAllEmployees()
2025-04-06T19:35:55.860+02:00  WARN 26048 --- [HrSystem] [http-nio-8080-exec-7] c.g.c.firestore.encoding.PojoBeanMapper  : No setter/field for Joined Date found on class com.example.hrsystem.model.Employee
2025-04-06T19:35:55.861+02:00  WARN 26048 --- [HrSystem] [http-nio-8080-exec-7] c.g.c.firestore.encoding.PojoBeanMapper  : No setter/field for employee_ID found on class com.example.hrsystem.model.Employee
2025-04-06T19:35:55.861+02:00  WARN 26048 --- [HrSystem] [http-nio-8080-exec-7] c.g.c.firestore.encoding.PojoBeanMapper  : No setter/field for Birth Date found on class com.example.hrsystem.model.Employee
2025-04-06T19:35:55.861+02:00  WARN 26048 --- [HrSystem] [http-nio-8080-exec-7] c.g.c.firestore.encoding.PojoBeanMapper  : No setter/field for Phone Number found on class com.example.hrsystem.model.Employee
2025-04-06T19:35:55.861+02:00 DEBUG 26048 --- [HrSystem] [http-nio-8080-exec-7] m.m.a.RequestResponseBodyMethodProcessor : Using 'application/json', given [application/json, text/plain, */*] and supported [application/json, application/*+json]
2025-04-06T19:35:55.861+02:00 DEBUG 26048 --- [HrSystem] [http-nio-8080-exec-7] m.m.a.RequestResponseBodyMethodProcessor : Writing [[com.example.hrsystem.model.Employee@4ab7eace]]
2025-04-06T19:35:55.863+02:00 DEBUG 26048 --- [HrSystem] [http-nio-8080-exec-7] o.s.web.servlet.DispatcherServlet        : Completed 200 OK
